This is pdfTeX, Version 3.141592653-2.6-1.40.23 (TeX Live 2021/W32TeX) (preloaded format=pdflatex 2022.4.3)  23 JUL 2022 22:58
entering extended mode
 restricted \write18 enabled.
 %&-line parsing enabled.
**morseovka.tex
(./morseovka.tex
LaTeX2e <2021-11-15> patch level 1
L3 programming layer <2022-02-24>
(c:/texlive/2021/texmf-dist/tex/latex/base/article.cls
Document Class: article 2021/10/04 v1.4n Standard LaTeX document class
(c:/texlive/2021/texmf-dist/tex/latex/base/size12.clo
File: size12.clo 2021/10/04 v1.4n Standard LaTeX file (size option)
)
\c@part=\count185
\c@section=\count186
\c@subsection=\count187
\c@subsubsection=\count188
\c@paragraph=\count189
\c@subparagraph=\count190
\c@figure=\count191
\c@table=\count192
\abovecaptionskip=\skip47
\belowcaptionskip=\skip48
\bibindent=\dimen138
)
(c:/texlive/2021/texmf-dist/tex/generic/babel/babel.sty
Package: babel 2022/02/26 3.73 The Babel package
\babel@savecnt=\count193
\U@D=\dimen139
\l@unhyphenated=\language87

(c:/texlive/2021/texmf-dist/tex/generic/babel/txtbabel.def)
\bbl@readstream=\read2
\bbl@dirlevel=\count194

(c:/texlive/2021/texmf-dist/tex/generic/babel-czech/czech.ldf
Language: czech 2008/07/06 v3.1a Czech support from the babel system
Package babel Info: Making " an active character on input line 172.
\cs@wordlen=\count195
Package babel Info: Making - an active character on input line 226.
))
(c:/texlive/2021/texmf-dist/tex/latex/geometry/geometry.sty
Package: geometry 2020/01/02 v5.9 Page Geometry

(c:/texlive/2021/texmf-dist/tex/latex/graphics/keyval.sty
Package: keyval 2014/10/28 v1.15 key=value parser (DPC)
\KV@toks@=\toks16
)
(c:/texlive/2021/texmf-dist/tex/generic/iftex/ifvtex.sty
Package: ifvtex 2019/10/25 v1.7 ifvtex legacy package. Use iftex instead.

(c:/texlive/2021/texmf-dist/tex/generic/iftex/iftex.sty
Package: iftex 2022/02/03 v1.0f TeX engine tests
))
\Gm@cnth=\count196
\Gm@cntv=\count197
\c@Gm@tempcnt=\count198
\Gm@bindingoffset=\dimen140
\Gm@wd@mp=\dimen141
\Gm@odd@mp=\dimen142
\Gm@even@mp=\dimen143
\Gm@layoutwidth=\dimen144
\Gm@layoutheight=\dimen145
\Gm@layouthoffset=\dimen146
\Gm@layoutvoffset=\dimen147
\Gm@dimlist=\toks17
)
(c:/texlive/2021/texmf-dist/tex/latex/amsmath/amsbsy.sty
Package: amsbsy 1999/11/29 v1.2d Bold Symbols

(c:/texlive/2021/texmf-dist/tex/latex/amsmath/amsgen.sty
File: amsgen.sty 1999/11/30 v2.0 generic functions
\@emptytoks=\toks18
\ex@=\dimen148
)
\pmbraise@=\dimen149
)
(c:/texlive/2021/texmf-dist/tex/latex/base/fontenc.sty
Package: fontenc 2021/04/29 v2.0v Standard LaTeX package

(c:/texlive/2021/texmf-dist/tex/cslatex/base/il2enc.def
File: il2enc.def 1997/08/20 CSLaTeX
Now handling font encoding IL2 ...
... no UTF-8 mapping file for font encoding IL2
)
LaTeX Font Info:    Trying to load font information for IL2+cmr on input line 1
12.

(c:/texlive/2021/texmf-dist/tex/cslatex/base/il2cmr.fd
File: il2cmr.fd 1997/02/06 CSLaTeX font definitions
))
(c:/texlive/2021/texmf-dist/tex/latex/base/inputenc.sty
Package: inputenc 2021/02/14 v1.3d Input encoding file
\inpenc@prehook=\toks19
\inpenc@posthook=\toks20
)
(c:/texlive/2021/texmf-dist/tex/latex/listings/listings.sty
\lst@mode=\count199
\lst@gtempboxa=\box50
\lst@token=\toks21
\lst@length=\count266
\lst@currlwidth=\dimen150
\lst@column=\count267
\lst@pos=\count268
\lst@lostspace=\dimen151
\lst@width=\dimen152
\lst@newlines=\count269
\lst@lineno=\count270
\lst@maxwidth=\dimen153

(c:/texlive/2021/texmf-dist/tex/latex/listings/lstmisc.sty
File: lstmisc.sty 2020/03/24 1.8d (Carsten Heinz)
\c@lstnumber=\count271
\lst@skipnumbers=\count272
\lst@framebox=\box51
)
(c:/texlive/2021/texmf-dist/tex/latex/listings/listings.cfg
File: listings.cfg 2020/03/24 1.8d listings configuration
))
Package: listings 2020/03/24 1.8d (Carsten Heinz)

(c:/texlive/2021/texmf-dist/tex/latex/l3backend/l3backend-pdftex.def
File: l3backend-pdftex.def 2022-02-07 L3 backend support: PDF output (pdfTeX)
\l__color_backend_stack_int=\count273
\l__pdf_internal_box=\box52
)
(./morseovka.aux)
\openout1 = `morseovka.aux'.

LaTeX Font Info:    Checking defaults for OML/cmm/m/it on input line 100.
LaTeX Font Info:    ... okay on input line 100.
LaTeX Font Info:    Checking defaults for OMS/cmsy/m/n on input line 100.
LaTeX Font Info:    ... okay on input line 100.
LaTeX Font Info:    Checking defaults for OT1/cmr/m/n on input line 100.
LaTeX Font Info:    ... okay on input line 100.
LaTeX Font Info:    Checking defaults for T1/cmr/m/n on input line 100.
LaTeX Font Info:    ... okay on input line 100.
LaTeX Font Info:    Checking defaults for TS1/cmr/m/n on input line 100.
LaTeX Font Info:    ... okay on input line 100.
LaTeX Font Info:    Checking defaults for OMX/cmex/m/n on input line 100.
LaTeX Font Info:    ... okay on input line 100.
LaTeX Font Info:    Checking defaults for U/cmr/m/n on input line 100.
LaTeX Font Info:    ... okay on input line 100.
LaTeX Font Info:    Checking defaults for IL2/cmr/m/n on input line 100.
LaTeX Font Info:    ... okay on input line 100.

*geometry* driver: auto-detecting
*geometry* detected driver: pdftex
*geometry* verbose mode - [ preamble ] result:
* driver: pdftex
* paper: a4paper
* layout: <same size as paper>
* layoutoffset:(h,v)=(0.0pt,0.0pt)
* modes: 
* h-part:(L,W,R)=(28.45274pt, 512.1496pt, 56.90553pt)
* v-part:(T,H,B)=(42.67912pt, 682.86613pt, 119.50159pt)
* \paperwidth=597.50787pt
* \paperheight=845.04684pt
* \textwidth=512.1496pt
* \textheight=682.86613pt
* \oddsidemargin=-43.81725pt
* \evensidemargin=-43.81725pt
* \topmargin=-66.59087pt
* \headheight=12.0pt
* \headsep=25.0pt
* \topskip=12.0pt
* \footskip=30.0pt
* \marginparwidth=35.0pt
* \marginparsep=10.0pt
* \columnsep=10.0pt
* \skip\footins=10.8pt plus 4.0pt minus 2.0pt
* \hoffset=0.0pt
* \voffset=0.0pt
* \mag=1000
* \@twocolumnfalse
* \@twosidefalse
* \@mparswitchfalse
* \@reversemarginfalse
* (1in=72.27pt=25.4mm, 1cm=28.453pt)

\c@lstlisting=\count274
LaTeX Font Info:    External font `cmex10' loaded for size
(Font)              <12> on input line 103.
LaTeX Font Info:    External font `cmex10' loaded for size
(Font)              <8> on input line 103.
LaTeX Font Info:    External font `cmex10' loaded for size
(Font)              <6> on input line 103.

Overfull \hbox (16.03198pt too wide) in paragraph at lines 103--104
[][][][][][][][][][][][][][][][][][][][][][][][][][][][][]
 []


Overfull \hbox (9.3656pt too wide) in paragraph at lines 103--104
[][][][][][][][][][][][][][][][][][][][][][][][][][][][][][][][][][][][]
 []


Overfull \hbox (19.18213pt too wide) in paragraph at lines 103--104
[][][][][][][][][][][][][][][][][][][][][][][][][][][][][][][][][][][][][][]
 []


Overfull \hbox (16.5904pt too wide) in paragraph at lines 103--104
[][][][][][][][][][][][][][][][][][][][][][][][][][][][][][][][][][][][][][][][
]
 []


Overfull \hbox (30.35706pt too wide) in paragraph at lines 103--104
[][][][][][][][][][][][][][][][][][][][][][][][][][][][][][][][][][][][][][][][
]
 []


Overfull \hbox (8.0072pt too wide) in paragraph at lines 103--104
[][][][][][][][][][][][][][][][][][][][][][][][][][][][][][][][][][][][]
 []


Overfull \hbox (15.93219pt too wide) in paragraph at lines 103--104
[][][][][][][][][][][][][][][][][][][][][][][][][][][][][][][][][][][][]
 []


Overfull \hbox (21.6488pt too wide) in paragraph at lines 103--104
[][][][][][][][][][][][][][][][][][][][][][][][][][][][][][][][][][][][][][]
 []


Overfull \hbox (11.87354pt too wide) in paragraph at lines 103--104
[][][][][][][][][][][][][][][][][][][][][][][][][][]
 []


Overfull \hbox (9.64044pt too wide) in paragraph at lines 103--104
[][][][][][][][][][][][][][][][][][][][][][][][][][][][][][][][][][]
 []


Overfull \hbox (27.47375pt too wide) in paragraph at lines 103--104
[][][][][][][][][][][][][][][][][][][][][][][][][][][][][][][][][][][][]
 []


Overfull \hbox (6.50224pt too wide) in paragraph at lines 103--104
[][][][][][][][][][][][][][][][][][][][][][][][][][][][][][][][][][][][][][]
 []


Overfull \hbox (4.34045pt too wide) in paragraph at lines 103--104
[][][][][][][][][][][][][][][][][][][][][][][][][][][][][][][][][][]
 []


Overfull \hbox (24.23218pt too wide) in paragraph at lines 103--104
[][][][][][][][][][][][][][][][][][][][][][][][][][][][][][][][][][][][]
 []


Overfull \hbox (30.39032pt too wide) in paragraph at lines 103--104
[][][][][][][][][][][][][][][][][][][][][][][][][][][][][][][][][][][][][][]
 []


Overfull \hbox (2.16553pt too wide) in paragraph at lines 103--104
[][][][][][][][][][][][][][][][][][][][][][][][][][][][][][][][][][]
 []


Overfull \hbox (39.39886pt too wide) in paragraph at lines 103--104
[][][][][][][][][][][][][][][][][][][][][][][][][][][][][][][][][][][][][][]
 []


Overfull \hbox (13.38208pt too wide) in paragraph at lines 103--104
[][][][][][][][][][][][][][][][][][][][][][][][][][][][][][][][][][][][]
 []


Overfull \hbox (7.80725pt too wide) in paragraph at lines 103--104
[][][][][][][][][][][][][][][][][][][][][][][][][][][][][][][][][][][][][][]
 []


Overfull \hbox (4.30719pt too wide) in paragraph at lines 103--104
[][][][][][][][][][][][][][][][][][][][][][][][][][][][][][][][][][][][]
 []


Overfull \hbox (5.3822pt too wide) in paragraph at lines 103--104
[][][][][][][][][][][][][][][][][][][][][][][][][][][][][][][][][][][][][][]
 []


Overfull \hbox (39.03223pt too wide) in paragraph at lines 103--104
[][][][][][][][][][][][][][][][][][][][][][][][][][][][][][][][][][][][][][][][
]
 []


Overfull \hbox (5.33221pt too wide) in paragraph at lines 103--104
[][][][][][][][][][][][][][][][][][][][][][][][][][][][][][][][][][][][]
 []

[1

{c:/texlive/2021/texmf-var/fonts/map/pdftex/updmap/pdftex.map}]
(./morseovka.aux) ) 
Here is how much of TeX's memory you used:
 4253 strings out of 478276
 63184 string characters out of 5850490
 611709 words of memory out of 5000000
 22462 multiletter control sequences out of 15000+600000
 475669 words of font info for 48 fonts, out of 8000000 for 9000
 1141 hyphenation exceptions out of 8191
 55i,5n,62p,476b,1159s stack positions out of 5000i,500n,10000p,200000b,80000s
{c:/texlive/2021/texmf-dist/fonts/enc/dvips/cm-super/cm-supe
r-ts1.enc}<c:/texlive/2021/texmf-dist/fonts/type1/public/amsfonts/cm/cmbsy10.pf
b><c:/texlive/2021/texmf-dist/fonts/type1/public/cs/csr12.pfb><c:/texlive/2021/
texmf-dist/fonts/type1/public/cm-super/sfrm1200.pfb>
Output written on morseovka.pdf (1 page, 22129 bytes).
PDF statistics:
 24 PDF objects out of 1000 (max. 8388607)
 14 compressed objects within 1 object stream
 0 named destinations out of 1000 (max. 500000)
 1 words of extra memory for PDF output out of 10000 (max. 10000000)

